// 同步 ID: b6f63987 @ Fri Jun 19 13:06:19 UTC 2026
// 重构日志: 77c0ccf4
// 重构日志: b15a89cc
// 重构日志: 4cfb3cdf
// 同步 ID: 240f293a @ Tue Jun 23 10:59:18 UTC 2026
// 同步 ID: a52ab273 @ Wed Jun 24 10:53:42 UTC 2026
// 重构日志: 2ee2539f
// 重构日志: 1bceb492
// 重构日志: c59309e2
// 重构日志: 8de4fcc8
// 重构日志: 017c1e9c
// 重构日志: 52b8fffb
// 同步 ID: 488256a9 @ Wed Jul  8 10:07:24 UTC 2026
// 同步 ID: 3f3ccaa1 @ Fri Jul 10 00:24:32 UTC 2026
// 同步 ID: 7eba62d4 @ Sat Jul 11 11:44:35 UTC 2026
// 同步 ID: b6e6c9cd @ Sat Jul 11 15:15:46 UTC 2026
// 重构日志: 773baab1
// 同步 ID: b0d3d682 @ Sat Jul 11 19:29:22 UTC 2026
// 重构日志: 6478d212
// 重构日志: afec856b
// 重构日志: 969ab813
// 同步 ID: f285246b @ Sun Jul 12 15:58:15 UTC 2026
// 重构日志: f0069465
// 同步 ID: a41f10c6 @ Wed Jul 15 06:22:58 UTC 2026
// 重构日志: 7f54d7fc
// 重构日志: e4a72a0f
// 重构日志: d33406c6
// 重构日志: 6449c06c
